<?xml version="1.0" encoding="UTF-8"?>
<!-- Generated by org.testng.reporters.JUnitXMLReporter -->
<testsuite ignored="8" hostname="CCLB140-Riteshsingh" failures="0" tests="12" name="Surefire test" time="0.226" errors="0" timestamp="2025-08-20T12:56:21 IST">
  <testcase classname="Base.BaseTest" name="@BeforeTest setUp" time="-1.755674781706E9">
    <failure type="org.testng.TestNGException" message="
Parameter &amp;apos;deviceIndex&amp;apos; is required by BeforeTest on method setUp but has not been marked @Optional or defined
">
      <![CDATA[org.testng.TestNGException: 
Parameter 'deviceIndex' is required by BeforeTest on method setUp but has not been marked @Optional or defined

... Removed 26 stack frames]]>
    </failure>
  </testcase> <!-- @BeforeTest setUp -->
  <testcase classname="Test.DialerAppTest" name="@BeforeClass setUpPage" time="0.0">
    <skipped/>
  </testcase> <!-- @BeforeClass setUpPage -->
  <testcase classname="Test.WdioDemoTest" name="@BeforeClass setUpPage" time="0.0">
    <skipped/>
  </testcase> <!-- @BeforeClass setUpPage -->
  <testcase classname="Test.WorkingWithApiDemoTest" name="@BeforeClass setUpPage" time="0.0">
    <skipped/>
  </testcase> <!-- @BeforeClass setUpPage -->
  <testcase classname="Test.WorkingWithBrowserTest" name="@BeforeClass setUpPage" time="0.0">
    <skipped/>
  </testcase> <!-- @BeforeClass setUpPage -->
  <testcase classname="Test.WorkingWithGeneralStoreTest" name="@BeforeClass setUpPage" time="0.0">
    <skipped/>
  </testcase> <!-- @BeforeClass setUpPage -->
  <testcase classname="Base.BaseTest" name="@AfterTest tearDown" time="0.0">
    <skipped/>
  </testcase> <!-- @AfterTest tearDown -->
  <testcase classname="Test.DialerAppTest" name="performCall" time="0.0">
    <skipped/>
  </testcase> <!-- performCall -->
  <testcase classname="Test.DialerAppTest" name="performDialerOperation" time="0.0">
    <skipped/>
  </testcase> <!-- performDialerOperation -->
  <testcase classname="Test.WdioDemoTest" name="dragAndDropOperationOnRobotPuzzle" time="0.0">
    <skipped/>
  </testcase> <!-- dragAndDropOperationOnRobotPuzzle -->
  <testcase classname="Test.WorkingWithApiDemoTest" name="simpleTextareaCheckBox" time="0.0">
    <skipped/>
  </testcase> <!-- simpleTextareaCheckBox -->
  <testcase classname="Test.WorkingWithApiDemoTest" name="dropDownActionsTest" time="0.0">
    <skipped/>
  </testcase> <!-- dropDownActionsTest -->
  <testcase classname="Test.WorkingWithApiDemoTest" name="scrollSwitches" time="0.0">
    <skipped/>
  </testcase> <!-- scrollSwitches -->
  <testcase classname="Test.WorkingWithApiDemoTest" name="dragDrop" time="0.0">
    <skipped/>
  </testcase> <!-- dragDrop -->
  <testcase classname="Test.WorkingWithApiDemoTest" name="interactWithHardwareKeys" time="0.0">
    <skipped/>
  </testcase> <!-- interactWithHardwareKeys -->
  <testcase classname="Test.WorkingWithBrowserTest" name="demoRegisterTest" time="0.0">
    <skipped/>
  </testcase> <!-- demoRegisterTest -->
  <testcase classname="Test.WorkingWithBrowserTest" name="alertsDemo" time="0.0">
    <skipped/>
  </testcase> <!-- alertsDemo -->
  <testcase classname="Test.WorkingWithBrowserTest" name="performBrowserAction" time="0.0">
    <skipped/>
  </testcase> <!-- performBrowserAction -->
  <testcase classname="Test.WorkingWithGeneralStoreTest" name="basicActionOnGeneralStoreApp" time="0.0">
    <skipped/>
  </testcase> <!-- basicActionOnGeneralStoreApp -->
  <testcase classname="Base.BaseTest" name="@BeforeTest setUp" time="0.0">
    <ignored/>
  </testcase> <!-- @BeforeTest setUp -->
  <testcase classname="Base.BaseTest" name="@BeforeTest setUp" time="0.0">
    <ignored/>
  </testcase> <!-- @BeforeTest setUp -->
  <testcase classname="Base.BaseTest" name="@AfterTest tearDown" time="0.0">
    <ignored/>
  </testcase> <!-- @AfterTest tearDown -->
  <testcase classname="Base.BaseTest" name="@AfterTest tearDown" time="0.0">
    <ignored/>
  </testcase> <!-- @AfterTest tearDown -->
  <testcase classname="Base.BaseTest" name="@BeforeTest setUp" time="0.0">
    <ignored/>
  </testcase> <!-- @BeforeTest setUp -->
  <testcase classname="Base.BaseTest" name="@AfterTest tearDown" time="0.0">
    <ignored/>
  </testcase> <!-- @AfterTest tearDown -->
  <testcase classname="Base.BaseTest" name="@AfterTest tearDown" time="0.0">
    <ignored/>
  </testcase> <!-- @AfterTest tearDown -->
  <testcase classname="Base.BaseTest" name="@BeforeTest setUp" time="0.0">
    <ignored/>
  </testcase> <!-- @BeforeTest setUp -->
</testsuite> <!-- Surefire test -->
