<?xml version="1.0" encoding="UTF-8"?>
<testsuite xmlns:xsi="http://www.w3.org/2001/XMLSchema-instance" xsi:noNamespaceSchemaLocation="https://maven.apache.org/surefire/maven-surefire-plugin/xsd/surefire-test-report.xsd" name="TestSuite" time="1.122" tests="19" errors="0" skipped="18" failures="1">
  <properties>
[...]
</properties>
  <testcase name="setUp" classname="Test.DialerAppTest" time="0.778">
    <failure message="&#10;Parameter &apos;deviceIndex&apos; is required by BeforeTest on method setUp but has not been marked @Optional or defined&#10;" type="org.testng.TestNGException">org.testng.TestNGException: 

Parameter 'deviceIndex' is required by BeforeTest on method setUp but has not been marked @Optional or defined

</failure>
    <system-err><![CDATA[SLF4J(W): No SLF4J providers were found.
SLF4J(W): Defaulting to no-operation (NOP) logger implementation
SLF4J(W): See https://www.slf4j.org/codes.html#noProviders for further details.
log4j:ERROR Could not parse file [src/main/resources/log4j.xml].
java.io.FileNotFoundException: C:\CodeCraft Code\appiumDemoFramework\src\main\resources\log4j.xml (The system cannot find the file specified)
	at java.base/java.io.FileInputStream.open0(Native Method)
	at java.base/java.io.FileInputStream.open(FileInputStream.java:213)
	at java.base/java.io.FileInputStream.<init>(FileInputStream.java:152)
	at java.base/java.io.FileInputStream.<init>(FileInputStream.java:106)
	at java.base/sun.net.www.protocol.file.FileURLConnection.connect(FileURLConnection.java:84)
	at java.base/sun.net.www.protocol.file.FileURLConnection.getInputStream(FileURLConnection.java:186)
	at java.xml/com.sun.org.apache.xerces.internal.impl.XMLEntityManager.setupCurrentEntity(XMLEntityManager.java:666)
	at java.xml/com.sun.org.apache.xerces.internal.impl.XMLVersionDetector.determineDocVersion(XMLVersionDetector.java:150)
	at java.xml/com.sun.org.apache.xerces.internal.parsers.XML11Configuration.parse(XML11Configuration.java:862)
	at java.xml/com.sun.org.apache.xerces.internal.parsers.XML11Configuration.parse(XML11Configuration.java:826)
	at java.xml/com.sun.org.apache.xerces.internal.parsers.XMLParser.parse(XMLParser.java:134)
	at java.xml/com.sun.org.apache.xerces.internal.parsers.DOMParser.parse(DOMParser.java:247)
	at java.xml/com.sun.org.apache.xerces.internal.jaxp.DocumentBuilderImpl.parse(DocumentBuilderImpl.java:342)
	at java.xml/javax.xml.parsers.DocumentBuilder.parse(DocumentBuilder.java:206)
	at org.apache.log4j.xml.DOMConfigurator$1.parse(DOMConfigurator.java:749)
	at org.apache.log4j.xml.DOMConfigurator.doConfigure(DOMConfigurator.java:871)
	at org.apache.log4j.xml.DOMConfigurator.doConfigure(DOMConfigurator.java:755)
	at org.apache.log4j.xml.DOMConfigurator.configure(DOMConfigurator.java:896)
	at Base.BaseTest.<clinit>(BaseTest.java:230)
	at java.base/jdk.internal.misc.Unsafe.ensureClassInitialized0(Native Method)
	at java.base/jdk.internal.misc.Unsafe.ensureClassInitialized(Unsafe.java:1160)
	at java.base/jdk.internal.reflect.MethodHandleAccessorFactory.ensureClassInitialized(MethodHandleAccessorFactory.java:340)
	at java.base/jdk.internal.reflect.MethodHandleAccessorFactory.newConstructorAccessor(MethodHandleAccessorFactory.java:103)
	at java.base/jdk.internal.reflect.ReflectionFactory.newConstructorAccessor(ReflectionFactory.java:173)
	at java.base/java.lang.reflect.Constructor.acquireConstructorAccessor(Constructor.java:549)
	at java.base/java.lang.reflect.Constructor.newInstanceWithCaller(Constructor.java:499)
	at java.base/java.lang.reflect.Constructor.newInstance(Constructor.java:486)
	at org.testng.internal.objects.InstanceCreator.newInstance(InstanceCreator.java:40)
	at org.testng.ITestObjectFactory.newInstance(ITestObjectFactory.java:18)
	at org.testng.internal.objects.SimpleObjectDispenser.instantiateUsingDefaultConstructor(SimpleObjectDispenser.java:179)
	at org.testng.internal.objects.SimpleObjectDispenser.createInstance(SimpleObjectDispenser.java:88)
	at org.testng.internal.objects.SimpleObjectDispenser.dispense(SimpleObjectDispenser.java:41)
	at org.testng.internal.objects.GuiceBasedObjectDispenser.dispenseObject(GuiceBasedObjectDispenser.java:41)
	at org.testng.internal.objects.GuiceBasedObjectDispenser.dispense(GuiceBasedObjectDispenser.java:31)
	at org.testng.internal.ClassImpl.getDefaultInstance(ClassImpl.java:107)
	at org.testng.internal.ClassImpl.getObjects(ClassImpl.java:140)
	at org.testng.internal.IObject.lambda$objects$0(IObject.java:59)
	at java.base/java.util.Optional.map(Optional.java:260)
	at org.testng.internal.IObject.objects(IObject.java:59)
	at org.testng.TestClass.getObjects(TestClass.java:150)
	at org.testng.TestClass.initTestClassesAndInstances(TestClass.java:126)
	at org.testng.TestClass.init(TestClass.java:118)
	at org.testng.TestClass.<init>(TestClass.java:83)
	at org.testng.TestRunner.initMethods(TestRunner.java:475)
	at org.testng.TestRunner.init(TestRunner.java:349)
	at org.testng.TestRunner.init(TestRunner.java:304)
	at org.testng.TestRunner.<init>(TestRunner.java:178)
	at org.testng.SuiteRunner$DefaultTestRunnerFactory.newTestRunner(SuiteRunner.java:636)
	at org.testng.SuiteRunner.<init>(SuiteRunner.java:197)
	at org.testng.TestNG.createSuiteRunner(TestNG.java:1365)
	at org.testng.TestNG.createSuiteRunners(TestNG.java:1339)
	at org.testng.TestNG.runSuitesLocally(TestNG.java:1199)
	at org.testng.TestNG.runSuites(TestNG.java:1112)
	at org.testng.TestNG.run(TestNG.java:1079)
	at org.apache.maven.surefire.testng.TestNGExecutor.run(TestNGExecutor.java:135)
	at org.apache.maven.surefire.testng.TestNGDirectoryTestSuite.executeMulti(TestNGDirectoryTestSuite.java:193)
	at org.apache.maven.surefire.testng.TestNGDirectoryTestSuite.execute(TestNGDirectoryTestSuite.java:94)
	at org.apache.maven.surefire.testng.TestNGProvider.invoke(TestNGProvider.java:146)
	at org.apache.maven.surefire.booter.ForkedBooter.invokeProviderInSameClassLoader(ForkedBooter.java:384)
	at org.apache.maven.surefire.booter.ForkedBooter.runSuitesInProcess(ForkedBooter.java:345)
	at org.apache.maven.surefire.booter.ForkedBooter.execute(ForkedBooter.java:126)
	at org.apache.maven.surefire.booter.ForkedBooter.main(ForkedBooter.java:418)
]]></system-err>
  </testcase>
  <testcase name="setUpPage" classname="Test.DialerAppTest" time="0">
    <skipped/>
  </testcase>
  <testcase name="performCall" classname="Test.DialerAppTest" time="0">
    <skipped message="&#10;Parameter &apos;deviceIndex&apos; is required by BeforeTest on method setUp but has not been marked @Optional or defined&#10;"/>
  </testcase>
  <testcase name="performDialerOperation" classname="Test.DialerAppTest" time="0">
    <skipped message="&#10;Parameter &apos;deviceIndex&apos; is required by BeforeTest on method setUp but has not been marked @Optional or defined&#10;"/>
  </testcase>
  <testcase name="setUpPage" classname="Test.WdioDemoTest" time="0">
    <skipped/>
  </testcase>
  <testcase name="dragAndDropOperationOnRobotPuzzle" classname="Test.WdioDemoTest" time="0">
    <skipped message="&#10;Parameter &apos;deviceIndex&apos; is required by BeforeTest on method setUp but has not been marked @Optional or defined&#10;"/>
  </testcase>
  <testcase name="setUpPage" classname="Test.WorkingWithApiDemoTest" time="0">
    <skipped/>
  </testcase>
  <testcase name="simpleTextareaCheckBox" classname="Test.WorkingWithApiDemoTest" time="0">
    <skipped message="&#10;Parameter &apos;deviceIndex&apos; is required by BeforeTest on method setUp but has not been marked @Optional or defined&#10;"/>
  </testcase>
  <testcase name="dropDownActionsTest" classname="Test.WorkingWithApiDemoTest" time="0">
    <skipped message="&#10;Parameter &apos;deviceIndex&apos; is required by BeforeTest on method setUp but has not been marked @Optional or defined&#10;"/>
  </testcase>
  <testcase name="scrollSwitches" classname="Test.WorkingWithApiDemoTest" time="0">
    <skipped message="&#10;Parameter &apos;deviceIndex&apos; is required by BeforeTest on method setUp but has not been marked @Optional or defined&#10;"/>
  </testcase>
  <testcase name="dragDrop" classname="Test.WorkingWithApiDemoTest" time="0">
    <skipped message="&#10;Parameter &apos;deviceIndex&apos; is required by BeforeTest on method setUp but has not been marked @Optional or defined&#10;"/>
  </testcase>
  <testcase name="interactWithHardwareKeys" classname="Test.WorkingWithApiDemoTest" time="0">
    <skipped message="&#10;Parameter &apos;deviceIndex&apos; is required by BeforeTest on method setUp but has not been marked @Optional or defined&#10;"/>
  </testcase>
  <testcase name="setUpPage" classname="Test.WorkingWithBrowserTest" time="0">
    <skipped/>
  </testcase>
  <testcase name="demoRegisterTest" classname="Test.WorkingWithBrowserTest" time="0">
    <skipped message="&#10;Parameter &apos;deviceIndex&apos; is required by BeforeTest on method setUp but has not been marked @Optional or defined&#10;"/>
  </testcase>
  <testcase name="alertsDemo" classname="Test.WorkingWithBrowserTest" time="0">
    <skipped message="&#10;Parameter &apos;deviceIndex&apos; is required by BeforeTest on method setUp but has not been marked @Optional or defined&#10;"/>
  </testcase>
  <testcase name="performBrowserAction" classname="Test.WorkingWithBrowserTest" time="0">
    <skipped message="&#10;Parameter &apos;deviceIndex&apos; is required by BeforeTest on method setUp but has not been marked @Optional or defined&#10;"/>
  </testcase>
  <testcase name="setUpPage" classname="Test.WorkingWithGeneralStoreTest" time="0">
    <skipped/>
  </testcase>
  <testcase name="basicActionOnGeneralStoreApp" classname="Test.WorkingWithGeneralStoreTest" time="0">
    <skipped message="&#10;Parameter &apos;deviceIndex&apos; is required by BeforeTest on method setUp but has not been marked @Optional or defined&#10;"/>
  </testcase>
  <testcase name="tearDown" classname="Test.DialerAppTest" time="0">
    <skipped/>
  </testcase>
</testsuite>