<?xml version="1.0" encoding="UTF-8"?>
<testsuite xmlns:xsi="http://www.w3.org/2001/XMLSchema-instance" xsi:noNamespaceSchemaLocation="https://maven.apache.org/surefire/maven-surefire-plugin/xsd/surefire-test-report.xsd" name="TestSuite" time="76.804" tests="3" errors="0" skipped="0" failures="1">
  <properties>
[...]
</properties>
  <testcase name="demoRegisterTest" classname="Test.WorkingWithBrowserTest" time="34.565"/>
  <testcase name="alertsDemo" classname="Test.WorkingWithBrowserTest" time="3.868">
    <failure message="element click intercepted: Element &lt;button class=&quot;btn btn-success navbar-toggle&quot; data-toggle=&quot;collapse&quot; data-target=&quot;.navbar-collapse&quot;&gt;...&lt;/button&gt; is not clickable at point (374, 16). Other element would receive the click: &lt;iframe id=&quot;aswift_2&quot; name=&quot;aswift_2&quot; browsingtopics=&quot;true&quot; style=&quot;min-height: auto; max-height: none; min-width: auto; max-width: none; width: 412px !important; height: 64px !important; display: block; margin: 0px auto;&quot; sandbox=&quot;allow-forms allow-popups allow-popups-to-escape-sandbox allow-same-origin allow-scripts allow-top-navigation-by-user-activation&quot; width=&quot;412&quot; height=&quot;64&quot; frameborder=&quot;0&quot; marginwidth=&quot;0&quot; marginheight=&quot;0&quot; vspace=&quot;0&quot; hspace=&quot;0&quot; allowtransparency=&quot;true&quot; scrolling=&quot;no&quot; allow=&quot;attribution-reporting; run-ad-auction&quot; src=&quot;https://googleads.g.doubleclick.net/pagead/html/r20250820/r20190131/zrt_lookup_fy2021.html#RS-0-&amp;amp;adk=1812271802&amp;amp;client=ca-pub-9173866185064071&amp;amp;fa=2&amp;amp;ifi=3&amp;amp;uci=a!3&amp;amp;btvi=2&quot; data-google-container-id=&quot;a!3&quot; tabindex=&quot;0&quot; title=&quot;Advertisement&quot; aria-label=&quot;Advertisement&quot; data-google-query-id=&quot;CIj2j5CYm48DFQ2OrAIdonojTg&quot; data-load-complete=&quot;true&quot;&gt;&lt;/iframe&gt;&#10;  (Session info: chrome=133.0.6943.137)&#10;Build info: version: &apos;4.34.0&apos;, revision: &apos;707dcb4246*&apos;&#10;System info: os.name: &apos;Windows 11&apos;, os.arch: &apos;amd64&apos;, os.version: &apos;10.0&apos;, java.version: &apos;22.0.2&apos;&#10;Driver info: io.appium.java_client.android.AndroidDriver&#10;Command: [722a3016-8738-4fdd-b6aa-bd87566a7108, clickElement {id=f.2E758A683F24F8E950A20DDE27BB06FA.d.AD65873F681DCDFEE860BE075C4E1A97.e.100}]&#10;Capabilities {appium:automationName: UiAutomator2, appium:databaseEnabled: false, appium:desired: {appActivity: com.android.chrome/com.goog..., appPackage: com.android.chrome, automationName: UiAutomator2, browserName: Chrome, deviceName: emulator-5554, platformName: ANDROID, plugin:images: true}, appium:deviceApiLevel: 36, appium:deviceManufacturer: Google, appium:deviceModel: sdk_gphone64_x86_64, appium:deviceName: emulator-5554, appium:deviceScreenDensity: 420, appium:deviceScreenSize: 1080x2400, appium:deviceUDID: emulator-5554, appium:javascriptEnabled: true, appium:locationContextEnabled: false, appium:networkConnectionEnabled: true, appium:pixelRatio: 2.625, appium:platformVersion: 16, appium:statBarHeight: 63, appium:takesScreenshot: true, appium:viewportRect: {height: 2337, left: 0, top: 63, width: 1080}, appium:warnings: {}, appium:webStorageEnabled: false, browserName: Chrome, platformName: ANDROID, plugin:images: true}&#10;Element: [[AndroidDriver: Chrome on ANDROID (722a3016-8738-4fdd-b6aa-bd87566a7108)] -&gt; xpath: //span[text()=&apos;Toggle Navigation&apos;]//parent::button]&#10;Session ID: 722a3016-8738-4fdd-b6aa-bd87566a7108" type="org.openqa.selenium.ElementClickInterceptedException"><![CDATA[org.openqa.selenium.ElementClickInterceptedException: 
element click intercepted: Element <button class="btn btn-success navbar-toggle" data-toggle="collapse" data-target=".navbar-collapse">...</button> is not clickable at point (374, 16). Other element would receive the click: <iframe id="aswift_2" name="aswift_2" browsingtopics="true" style="min-height: auto; max-height: none; min-width: auto; max-width: none; width: 412px !important; height: 64px !important; display: block; margin: 0px auto;" sandbox="allow-forms allow-popups allow-popups-to-escape-sandbox allow-same-origin allow-scripts allow-top-navigation-by-user-activation" width="412" height="64" frameborder="0" marginwidth="0" marginheight="0" vspace="0" hspace="0" allowtransparency="true" scrolling="no" allow="attribution-reporting; run-ad-auction" src="https://googleads.g.doubleclick.net/pagead/html/r20250820/r20190131/zrt_lookup_fy2021.html#RS-0-&amp;adk=1812271802&amp;client=ca-pub-9173866185064071&amp;fa=2&amp;ifi=3&amp;uci=a!3&amp;btvi=2" data-google-container-id="a!3" tabindex="0" title="Advertisement" aria-label="Advertisement" data-google-query-id="CIj2j5CYm48DFQ2OrAIdonojTg" data-load-complete="true"></iframe>
  (Session info: chrome=133.0.6943.137)
Build info: version: '4.34.0', revision: '707dcb4246*'
System info: os.name: 'Windows 11', os.arch: 'amd64', os.version: '10.0', java.version: '22.0.2'
Driver info: io.appium.java_client.android.AndroidDriver
Command: [722a3016-8738-4fdd-b6aa-bd87566a7108, clickElement {id=f.2E758A683F24F8E950A20DDE27BB06FA.d.AD65873F681DCDFEE860BE075C4E1A97.e.100}]
Capabilities {appium:automationName: UiAutomator2, appium:databaseEnabled: false, appium:desired: {appActivity: com.android.chrome/com.goog..., appPackage: com.android.chrome, automationName: UiAutomator2, browserName: Chrome, deviceName: emulator-5554, platformName: ANDROID, plugin:images: true}, appium:deviceApiLevel: 36, appium:deviceManufacturer: Google, appium:deviceModel: sdk_gphone64_x86_64, appium:deviceName: emulator-5554, appium:deviceScreenDensity: 420, appium:deviceScreenSize: 1080x2400, appium:deviceUDID: emulator-5554, appium:javascriptEnabled: true, appium:locationContextEnabled: false, appium:networkConnectionEnabled: true, appium:pixelRatio: 2.625, appium:platformVersion: 16, appium:statBarHeight: 63, appium:takesScreenshot: true, appium:viewportRect: {height: 2337, left: 0, top: 63, width: 1080}, appium:warnings: {}, appium:webStorageEnabled: false, browserName: Chrome, platformName: ANDROID, plugin:images: true}
Element: [[AndroidDriver: Chrome on ANDROID (722a3016-8738-4fdd-b6aa-bd87566a7108)] -> xpath: //span[text()='Toggle Navigation']//parent::button]
Session ID: 722a3016-8738-4fdd-b6aa-bd87566a7108
	at Test.WorkingWithBrowserTest.alertsDemo(WorkingWithBrowserTest.java:50)
]]></failure>
    <system-out><![CDATA[2025-08-21 11:09:38 INFO  Listeners - alertsDemoStarted
35454 [TestNG-tests-1] INFO Utils.Listeners  - alertsDemoStarted
Screenshot saved: C:\CodeCraft Code\appiumDemoFramework\screenshots\alertsDemo_20250821_110940.png
2025-08-21 11:09:40 ERROR Listeners - alertsDemoFailed
37715 [TestNG-tests-1] ERROR Utils.Listeners  - alertsDemoFailed
]]></system-out>
  </testcase>
  <testcase name="performBrowserAction" classname="Test.WorkingWithBrowserTest" time="17.571"/>
</testsuite>