<?xml version="1.0" encoding="UTF-8"?>
<testng-results ignored="0" total="0" passed="0" failed="0" skipped="0">
  <reporter-output>
  </reporter-output>
  <suite started-at="2025-08-16T12:25:16 IST" name="Surefire suite" finished-at="2025-08-16T12:25:27 IST" duration-ms="10478">
    <groups>
    </groups>
    <test started-at="2025-08-16T12:25:16 IST" name="Surefire test" finished-at="2025-08-16T12:25:27 IST" duration-ms="10478">
      <class name="Test.WorkingWithApiDemoTest">
        <test-method is-config="true" signature="setUp()[pri:0, instance:Test.WorkingWithApiDemoTest@ef9296d]" started-at="2025-08-16T12:25:16 IST" name="setUp" finished-at="2025-08-16T12:25:25 IST" duration-ms="9061" status="PASS">
          <reporter-output>
          </reporter-output>
        </test-method> <!-- setUp -->
        <test-method is-config="true" signature="tearDown()[pri:0, instance:Test.WorkingWithApiDemoTest@ef9296d]" started-at="2025-08-16T12:25:25 IST" name="tearDown" finished-at="2025-08-16T12:25:27 IST" duration-ms="1402" status="PASS">
          <reporter-output>
          </reporter-output>
        </test-method> <!-- tearDown -->
      </class> <!-- Test.WorkingWithApiDemoTest -->
    </test> <!-- Surefire test -->
  </suite> <!-- Surefire suite -->
</testng-results>
