<?xml version="1.0" encoding="UTF-8"?>
<testng-results ignored="0" total="5" passed="5" failed="0" skipped="0">
  <reporter-output>
  </reporter-output>
  <suite started-at="2025-09-02T10:18:01 IST" name="AppiumTestSuite" finished-at="2025-09-02T10:19:52 IST" duration-ms="111549">
    <groups>
    </groups>
    <test started-at="2025-09-02T10:18:01 IST" name="Device1Test" finished-at="2025-09-02T10:19:52 IST" duration-ms="111549">
      <class name="Test.WorkingWithApiDemoTest">
        <test-method is-config="true" signature="setUp(int)[pri:0, instance:Test.WorkingWithApiDemoTest@3bcbb589]" started-at="2025-09-02T10:18:01 IST" name="setUp" finished-at="2025-09-02T10:18:49 IST" duration-ms="48356" status="PASS">
          <params>
            <param index="0">
              <value>
                <![CDATA[0]]>
              </value>
            </param>
          </params>
          <reporter-output>
          </reporter-output>
        </test-method> <!-- setUp -->
        <test-method is-config="true" signature="setUpPage()[pri:0, instance:Test.WorkingWithApiDemoTest@3bcbb589]" started-at="2025-09-02T10:18:49 IST" name="setUpPage" finished-at="2025-09-02T10:18:49 IST" duration-ms="23" status="PASS">
          <reporter-output>
          </reporter-output>
        </test-method> <!-- setUpPage -->
        <test-method signature="simpleTextareaCheckBox()[pri:0, instance:Test.WorkingWithApiDemoTest@3bcbb589]" started-at="2025-09-02T10:18:49 IST" name="simpleTextareaCheckBox" finished-at="2025-09-02T10:19:00 IST" duration-ms="10796" status="PASS">
          <reporter-output>
          </reporter-output>
        </test-method> <!-- simpleTextareaCheckBox -->
        <test-method signature="dropDownActionsTest()[pri:1, instance:Test.WorkingWithApiDemoTest@3bcbb589]" started-at="2025-09-02T10:19:02 IST" name="dropDownActionsTest" finished-at="2025-09-02T10:19:08 IST" duration-ms="6052" status="PASS">
          <reporter-output>
          </reporter-output>
        </test-method> <!-- dropDownActionsTest -->
        <test-method signature="scrollSwitches()[pri:2, instance:Test.WorkingWithApiDemoTest@3bcbb589]" started-at="2025-09-02T10:19:09 IST" name="scrollSwitches" finished-at="2025-09-02T10:19:23 IST" duration-ms="13242" status="PASS">
          <reporter-output>
          </reporter-output>
        </test-method> <!-- scrollSwitches -->
        <test-method signature="dragDrop()[pri:3, instance:Test.WorkingWithApiDemoTest@3bcbb589]" started-at="2025-09-02T10:19:24 IST" name="dragDrop" finished-at="2025-09-02T10:19:32 IST" duration-ms="7945" status="PASS">
          <reporter-output>
          </reporter-output>
        </test-method> <!-- dragDrop -->
        <test-method signature="interactWithHardwareKeys()[pri:4, instance:Test.WorkingWithApiDemoTest@3bcbb589]" started-at="2025-09-02T10:19:34 IST" name="interactWithHardwareKeys" finished-at="2025-09-02T10:19:47 IST" duration-ms="13104" status="PASS">
          <reporter-output>
          </reporter-output>
        </test-method> <!-- interactWithHardwareKeys -->
        <test-method is-config="true" signature="tearDown()[pri:0, instance:Test.WorkingWithApiDemoTest@3bcbb589]" started-at="2025-09-02T10:19:51 IST" name="tearDown" finished-at="2025-09-02T10:19:52 IST" duration-ms="1429" status="PASS">
          <reporter-output>
          </reporter-output>
        </test-method> <!-- tearDown -->
      </class> <!-- Test.WorkingWithApiDemoTest -->
    </test> <!-- Device1Test -->
  </suite> <!-- AppiumTestSuite -->
</testng-results>
